A    v4l4j-trunk/lib
A    v4l4j-trunk/lib/junit-4.1.jar
A    v4l4j-trunk/TestedHardware
A    v4l4j-trunk/Changelog
A    v4l4j-trunk/src
A    v4l4j-trunk/src/v4l4j_DeviceInfo.c
A    v4l4j-trunk/src/v4l4j_ResolutionInfo.c
A    v4l4j-trunk/src/v4l4j_FrameGrabber.c
A    v4l4j-trunk/src/v4l4j_Control.c
A    v4l4j-trunk/src/v4l4j_VideoDevice.c
A    v4l4j-trunk/src/v4l4j_ImageFormatList.c
A    v4l4j-trunk/src/rgb.h
A    v4l4j-trunk/src/pixfmt-conv.h
A    v4l4j-trunk/src/v4l4j_Tuner.c
A    v4l4j-trunk/src/v4l4j_FrameInterval.c
A    v4l4j-trunk/src/au
A    v4l4j-trunk/src/au/edu
A    v4l4j-trunk/src/au/edu/jcu
A    v4l4j-trunk/src/au/edu/jcu/v4l4j
A    v4l4j-trunk/src/au/edu/jcu/v4l4j/PushSource.java
A    v4l4j-trunk/src/au/edu/jcu/v4l4j/TunerInfo.java
A    v4l4j-trunk/src/au/edu/jcu/v4l4j/UncompressedVideoFrame.java
A    v4l4j-trunk/src/au/edu/jcu/v4l4j/ControlList.java
A    v4l4j-trunk/src/au/edu/jcu/v4l4j/FrameGrabber.java
A    v4l4j-trunk/src/au/edu/jcu/v4l4j/Control.java
A    v4l4j-trunk/src/au/edu/jcu/v4l4j/YVUFrameGrabber.java
A    v4l4j-trunk/src/au/edu/jcu/v4l4j/package-info.java
A    v4l4j-trunk/src/au/edu/jcu/v4l4j/JPEGFrameGrabber.java
A    v4l4j-trunk/src/au/edu/jcu/v4l4j/VideoDevice.java
A    v4l4j-trunk/src/au/edu/jcu/v4l4j/V4L4JDataBuffer.java
A    v4l4j-trunk/src/au/edu/jcu/v4l4j/AbstractGrabber.java
A    v4l4j-trunk/src/au/edu/jcu/v4l4j/RawFrameGrabber.java
A    v4l4j-trunk/src/au/edu/jcu/v4l4j/TunerList.java
A    v4l4j-trunk/src/au/edu/jcu/v4l4j/Tuner.java
A    v4l4j-trunk/src/au/edu/jcu/v4l4j/FrameInterval.java
A    v4l4j-trunk/src/au/edu/jcu/v4l4j/test
A    v4l4j-trunk/src/au/edu/jcu/v4l4j/test/FrameGrabberTest.java
A    v4l4j-trunk/src/au/edu/jcu/v4l4j/test/PushSourceTest.java
A    v4l4j-trunk/src/au/edu/jcu/v4l4j/test/MemLeak.java
A    v4l4j-trunk/src/au/edu/jcu/v4l4j/V4L4JConstants.java
A    v4l4j-trunk/src/au/edu/jcu/v4l4j/exceptions
A    v4l4j-trunk/src/au/edu/jcu/v4l4j/exceptions/InitialisationException.java
A    v4l4j-trunk/src/au/edu/jcu/v4l4j/exceptions/ReleaseException.java
A    v4l4j-trunk/src/au/edu/jcu/v4l4j/exceptions/StateException.java
A    v4l4j-trunk/src/au/edu/jcu/v4l4j/exceptions/JNIException.java
A    v4l4j-trunk/src/au/edu/jcu/v4l4j/exceptions/ControlException.java
A    v4l4j-trunk/src/au/edu/jcu/v4l4j/exceptions/V4L4JException.java
A    v4l4j-trunk/src/au/edu/jcu/v4l4j/exceptions/InvalidValue.java
A    v4l4j-trunk/src/au/edu/jcu/v4l4j/exceptions/package-info.java
A    v4l4j-trunk/src/au/edu/jcu/v4l4j/exceptions/VideoStandardException.java
A    v4l4j-trunk/src/au/edu/jcu/v4l4j/exceptions/NoTunerException.java
A    v4l4j-trunk/src/au/edu/jcu/v4l4j/exceptions/UnsupportedMethod.java
A    v4l4j-trunk/src/au/edu/jcu/v4l4j/exceptions/ImageDimensionsException.java
A    v4l4j-trunk/src/au/edu/jcu/v4l4j/exceptions/ImageFormatException.java
A    v4l4j-trunk/src/au/edu/jcu/v4l4j/exceptions/CaptureChannelException.java
A    v4l4j-trunk/src/au/edu/jcu/v4l4j/BGRFrameGrabber.java
A    v4l4j-trunk/src/au/edu/jcu/v4l4j/RGBFrameGrabber.java
A    v4l4j-trunk/src/au/edu/jcu/v4l4j/InputInfo.java
A    v4l4j-trunk/src/au/edu/jcu/v4l4j/DeviceInfo.java
A    v4l4j-trunk/src/au/edu/jcu/v4l4j/BaseVideoFrame.java
A    v4l4j-trunk/src/au/edu/jcu/v4l4j/ResolutionInfo.java
A    v4l4j-trunk/src/au/edu/jcu/v4l4j/CaptureCallback.java
A    v4l4j-trunk/src/au/edu/jcu/v4l4j/VideoFrame.java
A    v4l4j-trunk/src/au/edu/jcu/v4l4j/YUVFrameGrabber.java
A    v4l4j-trunk/src/au/edu/jcu/v4l4j/V4L4JRaster.java
A    v4l4j-trunk/src/au/edu/jcu/v4l4j/JPEGVideoFrame.java
A    v4l4j-trunk/src/au/edu/jcu/v4l4j/ImageFormatList.java
A    v4l4j-trunk/src/au/edu/jcu/v4l4j/ImageFormat.java
A    v4l4j-trunk/src/au/edu/jcu/v4l4j/examples
A    v4l4j-trunk/src/au/edu/jcu/v4l4j/examples/GetSnapshotApp.java
A    v4l4j-trunk/src/au/edu/jcu/v4l4j/examples/DumpInfo.java
A    v4l4j-trunk/src/au/edu/jcu/v4l4j/examples/package-info.java
A    v4l4j-trunk/src/au/edu/jcu/v4l4j/examples/server
A    v4l4j-trunk/src/au/edu/jcu/v4l4j/examples/server/CamServer.java
A    v4l4j-trunk/src/au/edu/jcu/v4l4j/examples/server/ClientConnection.java
A    v4l4j-trunk/src/au/edu/jcu/v4l4j/examples/GetFrameRate.java
A    v4l4j-trunk/src/au/edu/jcu/v4l4j/examples/DualViewer.java
A    v4l4j-trunk/src/au/edu/jcu/v4l4j/examples/videoViewer
A    v4l4j-trunk/src/au/edu/jcu/v4l4j/examples/videoViewer/DeviceChooser.java
A    v4l4j-trunk/src/au/edu/jcu/v4l4j/examples/videoViewer/ControlViewer.java
A    v4l4j-trunk/src/au/edu/jcu/v4l4j/examples/videoViewer/JPEGViewer.java
A    v4l4j-trunk/src/au/edu/jcu/v4l4j/examples/videoViewer/RGBViewer.java
A    v4l4j-trunk/src/au/edu/jcu/v4l4j/examples/videoViewer/AbstractVideoViewer.java
A    v4l4j-trunk/src/au/edu/jcu/v4l4j/examples/SimpleViewer.java
A    v4l4j-trunk/src/jpeg.c
A    v4l4j-trunk/src/jpeg.h
A    v4l4j-trunk/src/debug.h
A    v4l4j-trunk/src/Makefile
A    v4l4j-trunk/src/common.h
A    v4l4j-trunk/COPYING
A    v4l4j-trunk/resources
A    v4l4j-trunk/resources/v4l4j-48x48.png
A    v4l4j-trunk/resources/v4l4j.png
A    v4l4j-trunk/build.properties
A    v4l4j-trunk/CREDITS
A    v4l4j-trunk/README
A    v4l4j-trunk/libvideo
A    v4l4j-trunk/libvideo/v4l1-query.h
A    v4l4j-trunk/libvideo/v4l2-query.h
A    v4l4j-trunk/libvideo/gspca-probe.c
A    v4l4j-trunk/libvideo/dump-capture.c
A    v4l4j-trunk/libvideo/Changelog
A    v4l4j-trunk/libvideo/pwc-ioctl.h
A    v4l4j-trunk/libvideo/gspca-probe.h
A    v4l4j-trunk/libvideo/example
A    v4l4j-trunk/libvideo/example/main.c
A    v4l4j-trunk/libvideo/example/utils.h
A    v4l4j-trunk/libvideo/example/jpeg.c
A    v4l4j-trunk/libvideo/example/log.h
A    v4l4j-trunk/libvideo/example/jpeg.h
A    v4l4j-trunk/libvideo/example/README
A    v4l4j-trunk/libvideo/example/Makefile
A    v4l4j-trunk/libvideo/test-capture.c
A    v4l4j-trunk/libvideo/libvideo-palettes.h
A    v4l4j-trunk/libvideo/palettes.c
A    v4l4j-trunk/libvideo/v4l1-tuner.c
A    v4l4j-trunk/libvideo/v4l2-tuner.c
A    v4l4j-trunk/libvideo/v4l1-tuner.h
A    v4l4j-trunk/libvideo/v4l2-tuner.h
A    v4l4j-trunk/libvideo/COPYING
A    v4l4j-trunk/libvideo/fps-param-probe.c
A    v4l4j-trunk/libvideo/videodev2.h
A    v4l4j-trunk/libvideo/Makefile
A    v4l4j-trunk/libvideo/libvideo.c
A    v4l4j-trunk/libvideo/pwc-probe.c
A    v4l4j-trunk/libvideo/list-caps.c
A    v4l4j-trunk/libvideo/fps-param-probe.h
A    v4l4j-trunk/libvideo/libvideo.h
A    v4l4j-trunk/libvideo/quickcam.h
A    v4l4j-trunk/libvideo/pwc-probe.h
A    v4l4j-trunk/libvideo/qc-probe.c
A    v4l4j-trunk/libvideo/videodev_additions.h
A    v4l4j-trunk/libvideo/videodev.h
A    v4l4j-trunk/libvideo/README
A    v4l4j-trunk/libvideo/qc-probe.h
A    v4l4j-trunk/libvideo/linux
A    v4l4j-trunk/libvideo/linux/compiler.h
A    v4l4j-trunk/libvideo/linux/v4l2-common.h
A    v4l4j-trunk/libvideo/linux/compiler-intel.h
A    v4l4j-trunk/libvideo/linux/compiler-gcc.h
A    v4l4j-trunk/libvideo/linux/compiler-gcc3.h
A    v4l4j-trunk/libvideo/linux/compiler-gcc4.h
A    v4l4j-trunk/libvideo/svn-version.sh
A    v4l4j-trunk/libvideo/v4l1-input.c
A    v4l4j-trunk/libvideo/v4l2-input.c
A    v4l4j-trunk/libvideo/TODO
A    v4l4j-trunk/libvideo/TestedHardware
A    v4l4j-trunk/libvideo/log.h
A    v4l4j-trunk/libvideo/v4l1-input.h
A    v4l4j-trunk/libvideo/libvideo-err.h
A    v4l4j-trunk/libvideo/v4l2-input.h
A    v4l4j-trunk/libvideo/v4l1-query.c
A    v4l4j-trunk/libvideo/v4l2-query.c
A    v4l4j-trunk/build.xml
 U   v4l4j-trunk
Checked out revision 507.
